[0.057s] Invoking command in '/home/arcturus/Documents/AllSeaingVehicle2/build/velodyne_driver': AMENT_PREFIX_PATH=/home/arcturus/Documents/AllSeaingVehicle2/install/velodyne_msgs:${AMENT_PREFIX_PATH} CMAKE_PREFIX_PATH=/home/arcturus/Documents/AllSeaingVehicle2/install/velodyne_msgs:/opt/ros/humble LD_LIBRARY_PATH=/home/arcturus/Documents/AllSeaingVehicle2/install/velodyne_msgs/lib:/opt/ros/humble/opt/rviz_ogre_vendor/lib:/opt/ros/humble/lib/aarch64-linux-gnu:/opt/ros/humble/lib:/usr/local/cuda-11.4/lib64:/usr/local/cuda-11.4/lib64:/usr/local/cuda-11.4/lib64 PYTHONPATH=/home/arcturus/Documents/AllSeaingVehicle2/install/velodyne_msgs/local/lib/python3.10/dist-packages:${PYTHONPATH} /usr/bin/cmake /home/arcturus/Documents/AllSeaingVehicle2/src/velodyne/velodyne_driver -DAMENT_CMAKE_SYMLINK_INSTALL=1 -DCMAKE_INSTALL_PREFIX=/home/arcturus/Documents/AllSeaingVehicle2/install/velodyne_driver
[0.117s] -- Found ament_cmake_ros: 0.10.0 (/opt/ros/humble/share/ament_cmake_ros/cmake)
[0.687s] -- Override CMake install command with custom implementation using symlinks instead of copying resources
[0.722s] -- Found diagnostic_msgs: 4.2.3 (/opt/ros/humble/share/diagnostic_msgs/cmake)
[0.827s] -- Found rosidl_generator_c: 3.1.5 (/opt/ros/humble/share/rosidl_generator_c/cmake)
[0.838s] -- Found rosidl_adapter: 3.1.5 (/opt/ros/humble/share/rosidl_adapter/cmake)
[0.863s] -- Found rosidl_generator_cpp: 3.1.5 (/opt/ros/humble/share/rosidl_generator_cpp/cmake)
[0.907s] -- Using all available rosidl_typesupport_c: rosidl_typesupport_fastrtps_c;rosidl_typesupport_introspection_c
[0.969s] -- Using all available rosidl_typesupport_cpp: rosidl_typesupport_fastrtps_cpp;rosidl_typesupport_introspection_cpp
[1.536s] -- Found diagnostic_updater: 3.1.2 (/opt/ros/humble/share/diagnostic_updater/cmake)
[1.581s] -- Found rmw_implementation_cmake: 6.1.1 (/opt/ros/humble/share/rmw_implementation_cmake/cmake)
[1.592s] -- Found rmw_fastrtps_cpp: 6.2.3 (/opt/ros/humble/share/rmw_fastrtps_cpp/cmake)
[1.963s] -- Found OpenSSL: /usr/lib/aarch64-linux-gnu/libcrypto.so (found version "3.0.2")  
[2.086s] -- Found FastRTPS: /opt/ros/humble/include  
[2.291s] -- Using RMW implementation 'rmw_fastrtps_cpp' as default
[2.329s] -- Looking for pthread.h
[2.659s] -- Looking for pthread.h - found
[2.664s] -- Performing Test CMAKE_HAVE_LIBC_PTHREAD
[3.009s] -- Performing Test CMAKE_HAVE_LIBC_PTHREAD - Success
[3.011s] -- Found Threads: TRUE  
[3.485s] -- Found rclcpp_components: 16.0.5 (/opt/ros/humble/share/rclcpp_components/cmake)
[3.706s] -- Found tf2_ros: 0.25.3 (/opt/ros/humble/share/tf2_ros/cmake)
[4.656s] -- Found velodyne_msgs: 2.4.0 (/home/arcturus/Documents/AllSeaingVehicle2/install/velodyne_msgs/share/velodyne_msgs/cmake)
[4.834s] -- Found ament_lint_auto: 0.12.7 (/opt/ros/humble/share/ament_lint_auto/cmake)
[5.154s] -- Found gtest sources under '/opt/ros/humble/src/gtest_vendor': C++ tests using 'Google Test' will be built
[5.189s] -- Added test 'copyright' to check source files copyright and LICENSE
[5.204s] -- Added test 'cppcheck' to perform static code analysis on C / C++ code
[5.205s] -- Configured cppcheck include dirs: /home/arcturus/Documents/AllSeaingVehicle2/src/velodyne/velodyne_driver/include
[5.205s] -- Configured cppcheck exclude dirs and/or files: 
[5.217s] -- Added test 'cpplint' to check C / C++ code against the Google style
[5.218s] -- Configured cpplint exclude dirs and/or files: 
[5.221s] -- Added test 'flake8' to check Python code syntax and style conventions
[5.225s] -- Added test 'lint_cmake' to check CMake code style
[5.229s] -- Added test 'pep257' to check Python code against some of the docstring style conventions in PEP 257
[5.243s] -- Added test 'uncrustify' to check C / C++ code style
[5.244s] -- Configured uncrustify additional arguments: 
[5.247s] -- Added test 'xmllint' to check XML markup files
[5.254s] -- Configuring done
[5.427s] -- Generating done
[5.438s] -- Build files have been written to: /home/arcturus/Documents/AllSeaingVehicle2/build/velodyne_driver
[5.475s] Invoked command in '/home/arcturus/Documents/AllSeaingVehicle2/build/velodyne_driver' returned '0': AMENT_PREFIX_PATH=/home/arcturus/Documents/AllSeaingVehicle2/install/velodyne_msgs:${AMENT_PREFIX_PATH} CMAKE_PREFIX_PATH=/home/arcturus/Documents/AllSeaingVehicle2/install/velodyne_msgs:/opt/ros/humble LD_LIBRARY_PATH=/home/arcturus/Documents/AllSeaingVehicle2/install/velodyne_msgs/lib:/opt/ros/humble/opt/rviz_ogre_vendor/lib:/opt/ros/humble/lib/aarch64-linux-gnu:/opt/ros/humble/lib:/usr/local/cuda-11.4/lib64:/usr/local/cuda-11.4/lib64:/usr/local/cuda-11.4/lib64 PYTHONPATH=/home/arcturus/Documents/AllSeaingVehicle2/install/velodyne_msgs/local/lib/python3.10/dist-packages:${PYTHONPATH} /usr/bin/cmake /home/arcturus/Documents/AllSeaingVehicle2/src/velodyne/velodyne_driver -DAMENT_CMAKE_SYMLINK_INSTALL=1 -DCMAKE_INSTALL_PREFIX=/home/arcturus/Documents/AllSeaingVehicle2/install/velodyne_driver
[5.483s] Invoking command in '/home/arcturus/Documents/AllSeaingVehicle2/build/velodyne_driver': AMENT_PREFIX_PATH=/home/arcturus/Documents/AllSeaingVehicle2/install/velodyne_msgs:${AMENT_PREFIX_PATH} CMAKE_PREFIX_PATH=/home/arcturus/Documents/AllSeaingVehicle2/install/velodyne_msgs:/opt/ros/humble LD_LIBRARY_PATH=/home/arcturus/Documents/AllSeaingVehicle2/install/velodyne_msgs/lib:/opt/ros/humble/opt/rviz_ogre_vendor/lib:/opt/ros/humble/lib/aarch64-linux-gnu:/opt/ros/humble/lib:/usr/local/cuda-11.4/lib64:/usr/local/cuda-11.4/lib64:/usr/local/cuda-11.4/lib64 PYTHONPATH=/home/arcturus/Documents/AllSeaingVehicle2/install/velodyne_msgs/local/lib/python3.10/dist-packages:${PYTHONPATH} /usr/bin/cmake --build /home/arcturus/Documents/AllSeaingVehicle2/build/velodyne_driver -- -j4 -l4
[5.708s] [  8%] [32mBuilding CXX object gtest/CMakeFiles/gtest.dir/src/gtest-all.cc.o[0m
[5.709s] [ 16%] [32mBuilding CXX object gtest/CMakeFiles/gtest_main.dir/src/gtest_main.cc.o[0m
[5.711s] [ 25%] [32mBuilding CXX object src/lib/CMakeFiles/velodyne_input.dir/input.cpp.o[0m
[5.913s] In file included from [01m[K/home/arcturus/Documents/AllSeaingVehicle2/src/velodyne/velodyne_driver/src/lib/input.cpp:47[m[K:
[5.913s] [01m[K/home/arcturus/Documents/AllSeaingVehicle2/src/velodyne/velodyne_driver/include/velodyne_driver/input.hpp:57:10:[m[K [01;31m[Kfatal error: [m[Kpcap.h: No such file or directory
[5.914s]    57 | #include [01;31m[K<pcap.h>[m[K
[5.914s]       |          [01;31m[K^~~~~~~~[m[K
[5.914s] compilation terminated.
[5.926s] gmake[2]: *** [src/lib/CMakeFiles/velodyne_input.dir/build.make:76: src/lib/CMakeFiles/velodyne_input.dir/input.cpp.o] Error 1
[5.926s] gmake[1]: *** [CMakeFiles/Makefile2:258: src/lib/CMakeFiles/velodyne_input.dir/all] Error 2
[5.927s] gmake[1]: *** Waiting for unfinished jobs....
[9.180s] [ 33%] [32m[1mLinking CXX static library libgtest_main.a[0m
[9.663s] [ 33%] Built target gtest_main
[24.086s] [ 41%] [32m[1mLinking CXX static library libgtest.a[0m
[24.896s] [ 41%] Built target gtest
[24.903s] gmake: *** [Makefile:146: all] Error 2
[24.918s] Invoked command in '/home/arcturus/Documents/AllSeaingVehicle2/build/velodyne_driver' returned '2': AMENT_PREFIX_PATH=/home/arcturus/Documents/AllSeaingVehicle2/install/velodyne_msgs:${AMENT_PREFIX_PATH} CMAKE_PREFIX_PATH=/home/arcturus/Documents/AllSeaingVehicle2/install/velodyne_msgs:/opt/ros/humble LD_LIBRARY_PATH=/home/arcturus/Documents/AllSeaingVehicle2/install/velodyne_msgs/lib:/opt/ros/humble/opt/rviz_ogre_vendor/lib:/opt/ros/humble/lib/aarch64-linux-gnu:/opt/ros/humble/lib:/usr/local/cuda-11.4/lib64:/usr/local/cuda-11.4/lib64:/usr/local/cuda-11.4/lib64 PYTHONPATH=/home/arcturus/Documents/AllSeaingVehicle2/install/velodyne_msgs/local/lib/python3.10/dist-packages:${PYTHONPATH} /usr/bin/cmake --build /home/arcturus/Documents/AllSeaingVehicle2/build/velodyne_driver -- -j4 -l4
